2021-03-13 12:35:46,216 [INFO] play-dev-mode-akka.actor.default-dispatcher-12
2021-03-13 12:35:46,227 [INFO] play-dev-mode-akka.actor.default-dispatcher-12
2021-03-13 12:35:46,477 [WARN] application-akka.actor.default-dispatcher-6 
2021-03-13 12:35:46,478 [INFO] application-akka.actor.default-dispatcher-6
2021-03-13 12:39:07,761 [WARN] application-akka.actor.default-dispatcher-8 
2021-03-13 12:39:07,761 [INFO] application-akka.actor.default-dispatcher-8
2021-03-13 12:41:54,225 [WARN] application-akka.actor.default-dispatcher-11.
2021-03-13 12:41:54,225 [INFO] application-akka.actor.default-dispatcher-11
2021-03-13 15:35:22,318 [WARN] application-akka.actor.default-dispatcher-12
2021-03-13 15:35:22,318 [INFO] application-akka.actor.default-dispatcher-12
2021-03-13 15:35:25,540 [WARN] application-akka.actor.default-dispatcher-12
2021-03-13 15:35:25,540 [INFO] application-akka.actor.default-dispatcher-12
2021-03-13 15:35:44,540 [WARN] application-akka.actor.default-dispatcher-13
2021-03-13 15:35:44,540 [INFO] application-akka.actor.default-dispatcher-13
2021-03-13 15:39:08,017 [INFO] play-dev-mode-akka.actor.default-dispatcher-51
2021-03-13 15:39:08,019 [INFO] play-dev-mode-akka.actor.default-dispatcher-51 
2021-03-13 15:39:08,028 [WARN] application-akka.actor.default-dispatcher-6 
2021-03-13 15:39:08,028 [INFO] application-akka.actor.default-dispatcher-6
2021-03-13 15:39:08,031 [WARN] application-akka.actor.default-dispatcher-7 
2021-03-13 15:39:08,032 [INFO] application-akka.actor.default-dispatcher-7
2021-03-13 15:40:38,307 [WARN] application-akka.actor.default-dispatcher-8 
2021-03-13 15:40:38,307 [INFO] application-akka.actor.default-dispatcher-8
2021-03-13 19:05:44,697 [WARN] application-akka.actor.default-dispatcher-9 
2021-03-13 19:05:44,698 [INFO] application-akka.actor.default-dispatcher-9
2021-03-13 19:07:16,862 [WARN] application-akka.actor.default-dispatcher-10
2021-03-13 19:07:16,862 [INFO] application-akka.actor.default-dispatcher-10
2021-03-13 19:08:34,772 [WARN] application-akka.actor.default-dispatcher-11
2021-03-13 19:08:34,773 [INFO] application-akka.actor.default-dispatcher-11
2021-03-13 19:09:00,681 [WARN] application-akka.actor.default-dispatcher-12
2021-03-13 19:09:00,682 [INFO] application-akka.actor.default-dispatcher-12
2021-03-13 19:09:28,601 [WARN] application-akka.actor.default-dispatcher-13
2021-03-13 19:09:28,601 [INFO] application-akka.actor.default-dispatcher-13
2021-03-13 19:37:53,118 [INFO] play-dev-mode-akka.actor.default-dispatcher-96
2021-03-13 19:37:53,120 [INFO] play-dev-mode-akka.actor.default-dispatcher-96
2021-03-13 19:37:53,157 [WARN] application-akka.actor.default-dispatcher-6
2021-03-13 19:37:53,157 [INFO] application-akka.actor.default-dispatcher-6
2021-03-13 19:39:21,454 [INFO] play-dev-mode-akka.actor.default-dispatcher-109
2021-03-13 19:39:21,456 [INFO] play-dev-mode-akka.actor.default-dispatcher-109
2021-03-13 19:40:36,499 [WARN] application-akka.actor.default-dispatcher-7
2021-03-13 19:40:36,502 [INFO] application-akka.actor.default-dispatcher-7
2021-03-13 19:42:58,936 [WARN] application-akka.actor.default-dispatcher-9
2021-03-13 19:42:58,936 [INFO] application-akka.actor.default-dispatcher-9
2021-03-13 19:43:31,144 [WARN] application-akka.actor.default-dispatcher-11
2021-03-13 19:43:31,144 [INFO] application-akka.actor.default-dispatcher-11
2021-03-13 19:45:17,531 [WARN] application-akka.actor.default-dispatcher-14
2021-03-13 19:45:17,531 [INFO] application-akka.actor.default-dispatcher-14
2021-03-13 19:45:17,535 [WARN] application-akka.actor.default-dispatcher-14
2021-03-13 19:45:17,535 [INFO] application-akka.actor.default-dispatcher-14
2021-03-13 19:47:16,379 [WARN] application-akka.actor.default-dispatcher-16
2021-03-13 19:47:16,379 [INFO] application-akka.actor.default-dispatcher-16
2021-03-13 19:47:16,390 [WARN] application-akka.actor.default-dispatcher-16
2021-03-13 19:47:16,390 [INFO] application-akka.actor.default-dispatcher-16
2021-03-13 19:47:47,303 [WARN] application-akka.actor.default-dispatcher-18
2021-03-13 19:47:47,303 [INFO] application-akka.actor.default-dispatcher-18
2021-03-13 19:47:47,384 [WARN] pr.default-dispatcher-18
2021-03-13 20:04:00,243 [INFO] pode-akka.actor.default-dispatcher-165
2021-03-13 20:04:00,245 [INFO] pdefault-dispatcher-165
2021-03-13 20:06:10,421 [INFO] pode-akka.actor.default-dispatcher-166
2021-03-13 20:06:10,422 [INFO] pdefault-dispatcher-166
2021-03-13 20:08:30,207 [INFO] pode-akka.actor.default-dispatcher-168
2021-03-13 20:08:30,209 [INFO] pdefault-dispatcher-168
2021-03-13 20:10:02,473 [INFO] pode-akka.actor.default-dispatcher-190
2021-03-13 20:10:02,475 [INFO] pdefault-dispatcher-190
2021-03-13 20:12:58,271 [INFO] pode-akka.actor.default-dispatcher-204
2021-03-13 20:12:58,272 [INFO] pdefault-dispatcher-204
2021-03-13 20:13:56,158 [ERROR] play-dev-mode-akka.actor.default-dispatcher
2021-03-13 20:50:18,757 [ERROR] play-dev-mode-akka.actor.default-dispatcher
2021-03-13 20:50:48,122 [INFO] pode-akka.actor.default-dispatcher-220
2021-03-13 20:50:48,124 [INFO] pdefault-dispatcher-220
2021-03-13 20:52:57,994 [INFO] pode-akka.actor.default-dispatcher-221
2021-03-13 20:52:57,996 [INFO] pdefault-dispatcher-221
2021-03-13 20:54:51,152 [INFO] pode-akka.actor.default-dispatcher-233
2021-03-13 20:54:51,154 [INFO] pdefault-dispatcher-233
2021-03-13 23:48:05,065 [ERROR] play-dev-mode-akka.actor.default-dispatcher
2021-03-13 23:50:12,406 [ERROR] play-dev-mode-akka.actor.default-dispatcher
2021-03-13 23:50:12,776 [ERROR] play-dev-mode-akka.actor.default-dispatcher
2021-03-14 00:08:19,585 [ERROR] play-dev-mode-akka.actor.default-dispatcher
2021-03-14 00:08:20,515 [ERROR] play-dev-mode-akka.actor.default-dispatcher
2021-03-14 00:09:50,359 [ERROR] play-dev-mode-akka.actor.default-dispatcher
2021-03-14 00:09:51,259 [ERROR] play-dev-mode-akka.actor.default-dispatcher
2021-03-14 00:19:16,250 [ERROR] play-dev-mode-akka.actor.default-dispatcher
2021-03-14 00:19:16,870 [ERROR] play-dev-mode-akka.actor.default-dispatcher
2021-03-14 00:20:13,449 [ERROR] play-dev-mode-akka.actor.default-dispatcher
2021-03-14 00:20:14,073 [ERROR] play-dev-mode-akka.actor.default-dispatcher
2021-03-14 00:21:40,040 [ERROR] play-dev-mode-akka.actor.default-dispatcher
2021-03-14 00:21:40,590 [ERROR] play-dev-mode-akka.actor.default-dispatcher
2021-03-14 00:22:08,563 [ERROR] play-dev-mode-akka.actor.default-dispatcher
2021-03-14 00:22:09,187 [ERROR] play-dev-mode-akka.actor.default-dispatcher
2021-03-14 00:24:06,719 [ERROR] play-dev-mode-akka.actor.default-dispatcher
2021-03-14 00:24:07,060 [ERROR] play-dev-mode-akka.actor.default-dispatcher
2021-03-14 00:24:11,007 [ERROR] play-dev-mode-akka.actor.default-dispatcher
2021-03-14 00:24:11,297 [ERROR] play-dev-mode-akka.actor.default-dispatcher
2021-03-14 00:24:50,744 [ERROR] play-dev-mode-akka.actor.default-dispatcher
2021-03-14 00:24:51,047 [ERROR] play-dev-mode-akka.actor.default-dispatcher
2021-03-14 00:25:25,116 [INFO] play-dev-mode-akka.actor.default-dispatcher-451
2021-03-14 00:25:25,119 [INFO] play-dev-mode-akka.actor.default-dispatcher-451 
2021-03-14 00:39:38,282 [ERROR] play-dev-mode-akka.actor.default-dispatcher-470
2021-03-14 00:39:38,646 [ERROR] play-dev-mode-akka.actor.default-dispatcher-469
2021-03-14 00:40:05,136 [ERROR] play-dev-mode-akka.actor.default-dispatcher-469
2021-03-14 00:40:05,504 [ERROR] play-dev-mode-akka.actor.default-dispatcher-477
2021-03-14 00:40:32,015 [ERROR] play-dev-mode-akka.actor.default-dispatcher-478
2021-03-14 00:40:32,787 [ERROR] play-dev-mode-akka.actor.default-dispatcher-470
2021-03-14 00:41:19,135 [ERROR] play-dev-mode-akka.actor.default-dispatcher-488
2021-03-14 00:41:19,868 [ERROR] play-dev-mode-akka.actor.default-dispatcher-489
2021-03-14 02:07:33,221 [ERROR] play-dev-mode-akka.actor.default-dispatcher-644
2021-03-14 02:12:42,210 [INFO] play-dev-mode-akka.actor.default-dispatcher-653
2021-03-14 02:12:42,212 [INFO] play-dev-mode-akka.actor.default-dispatcher-653 
