2021-03-16 17:51:46,877 [INFO] from play.api.http.EnabledFilters in play-dev-mode-akka.actor.default-dispatcher-45 - Enabled Filters (see <https://www.playframework.com/documentation/latest/Filters>):

    play.filters.headers.SecurityHeadersFilter
    play.filters.hosts.AllowedHostsFilter

2021-03-16 17:51:46,884 [INFO] from play.api.Play in play-dev-mode-akka.actor.default-dispatcher-45 - Application started (Dev) (no global state)
2021-03-16 18:03:37,961 [INFO] from play.api.http.EnabledFilters in play-dev-mode-akka.actor.default-dispatcher-56 - Enabled Filters (see <https://www.playframework.com/documentation/latest/Filters>):

    play.filters.headers.SecurityHeadersFilter
    play.filters.hosts.AllowedHostsFilter

2021-03-16 18:03:37,962 [INFO] from play.api.Play in play-dev-mode-akka.actor.default-dispatcher-56 - Application started (Dev) (no global state)
2021-03-16 18:07:17,167 [ERROR] from play.api.http.DefaultHttpErrorHandler in application-akka.actor.default-dispatcher-11 - 

! @7j4mc32o0 - Internal server error, for (POST) [/api/data] ->
 
play.api.http.HttpErrorHandlerExceptions$$anon$1: Execution exception[[JsResultException: JsResultException(errors:List((,List(JsonValidationError(List('phrase' is undefined on object: {"datetimeFrom":"Invalid date","datetimeUntil":"Invalid date"}),WrappedArray())))))]]
	at play.api.http.HttpErrorHandlerExceptions$.throwableToUsefulException(HttpErrorHandler.scala:332)
	at play.api.http.DefaultHttpErrorHandler.onServerError(HttpErrorHandler.scala:251)
	at play.core.server.AkkaHttpServer$$anonfun$2.applyOrElse(AkkaHttpServer.scala:421)
	at play.core.server.AkkaHttpServer$$anonfun$2.applyOrElse(AkkaHttpServer.scala:417)
	at scala.concurrent.Future.$anonfun$recoverWith$1(Future.scala:417)
	at scala.concurrent.impl.Promise.$anonfun$transformWith$1(Promise.scala:41)
	at scala.concurrent.impl.CallbackRunnable.run(Promise.scala:64)
	at akka.dispatch.BatchingExecutor$AbstractBatch.processBatch(BatchingExecutor.scala:55)
	at akka.dispatch.BatchingExecutor$BlockableBatch.$anonfun$run$1(BatchingExecutor.scala:92)
	at scala.runtime.java8.JFunction0$mcV$sp.apply(JFunction0$mcV$sp.java:23)
	at scala.concurrent.BlockContext$.withBlockContext(BlockContext.scala:85)
	at akka.dispatch.BatchingExecutor$BlockableBatch.run(BatchingExecutor.scala:92)
	at akka.dispatch.TaskInvocation.run(AbstractDispatcher.scala:47)
	at akka.dispatch.ForkJoinExecutorConfigurator$AkkaForkJoinTask.exec(ForkJoinExecutorConfigurator.scala:47)
	at java.util.concurrent.ForkJoinTask.doExec(ForkJoinTask.java:289)
	at java.util.concurrent.ForkJoinPool$WorkQueue.runTask(ForkJoinPool.java:1056)
	at java.util.concurrent.ForkJoinPool.runWorker(ForkJoinPool.java:1692)
	at java.util.concurrent.ForkJoinWorkerThread.run(ForkJoinWorkerThread.java:157)
Caused by: play.api.libs.json.JsResultException: JsResultException(errors:List((,List(JsonValidationError(List('phrase' is undefined on object: {"datetimeFrom":"Invalid date","datetimeUntil":"Invalid date"}),WrappedArray())))))
	at play.api.libs.json.JsReadable.$anonfun$as$2(JsReadable.scala:25)
	at play.api.libs.json.JsError.fold(JsResult.scala:66)
	at play.api.libs.json.JsReadable.as(JsReadable.scala:24)
	at play.api.libs.json.JsReadable.as$(JsReadable.scala:23)
	at play.api.libs.json.JsUndefined.as(JsLookup.scala:193)
	at controllers.HomeController.$anonfun$getDataFromLogFile$1(HomeController.scala:30)
	at scala.Function1.$anonfun$andThen$1(Function1.scala:57)
	at play.api.mvc.ActionBuilderImpl.invokeBlock(Action.scala:441)
	at play.api.mvc.ActionBuilderImpl.invokeBlock(Action.scala:439)
	at play.api.mvc.ActionBuilder$$anon$8.invokeBlock(Action.scala:289)
	at play.api.mvc.ActionBuilder$$anon$8.invokeBlock(Action.scala:284)
	at play.api.mvc.ActionBuilder$$anon$9.apply(Action.scala:379)
	at play.api.mvc.Action.$anonfun$apply$4(Action.scala:82)
	at play.api.libs.streams.StrictAccumulator.$anonfun$mapFuture$4(Accumulator.scala:167)
	at scala.util.Try$.apply(Try.scala:213)
	at play.api.libs.streams.StrictAccumulator.$anonfun$mapFuture$3(Accumulator.scala:167)
	at scala.Function1.$anonfun$andThen$1(Function1.scala:57)
	at scala.Function1.$anonfun$andThen$1(Function1.scala:57)
	at play.api.libs.streams.StrictAccumulator.run(Accumulator.scala:199)
	at play.core.server.AkkaHttpServer.$anonfun$runAction$4(AkkaHttpServer.scala:413)
	at akka.http.scaladsl.util.FastFuture$.strictTransform$1(FastFuture.scala:41)
	at akka.http.scaladsl.util.FastFuture$.$anonfun$transformWith$3(FastFuture.scala:51)
	... 12 common frames omitted
2021-03-16 19:27:27,651 [ERROR] from play.api.http.DefaultHttpErrorHandler in application-akka.actor.default-dispatcher-38 - 

! @7j4mmgl0f - Internal server error, for (POST) [/api/data] ->
 
play.api.http.HttpErrorHandlerExceptions$$anon$1: Execution exception[[JsResultException: JsResultException(errors:List((,List(JsonValidationError(List('phrase' is undefined on object: {"datetimeFrom":"Invalid date","datetimeUntil":"Invalid date"}),WrappedArray())))))]]
	at play.api.http.HttpErrorHandlerExceptions$.throwableToUsefulException(HttpErrorHandler.scala:332)
	at play.api.http.DefaultHttpErrorHandler.onServerError(HttpErrorHandler.scala:251)
	at play.core.server.AkkaHttpServer$$anonfun$2.applyOrElse(AkkaHttpServer.scala:421)
	at play.core.server.AkkaHttpServer$$anonfun$2.applyOrElse(AkkaHttpServer.scala:417)
	at scala.concurrent.Future.$anonfun$recoverWith$1(Future.scala:417)
	at scala.concurrent.impl.Promise.$anonfun$transformWith$1(Promise.scala:41)
	at scala.concurrent.impl.CallbackRunnable.run(Promise.scala:64)
	at akka.dispatch.BatchingExecutor$AbstractBatch.processBatch(BatchingExecutor.scala:55)
	at akka.dispatch.BatchingExecutor$BlockableBatch.$anonfun$run$1(BatchingExecutor.scala:92)
	at scala.runtime.java8.JFunction0$mcV$sp.apply(JFunction0$mcV$sp.java:23)
	at scala.concurrent.BlockContext$.withBlockContext(BlockContext.scala:85)
	at akka.dispatch.BatchingExecutor$BlockableBatch.run(BatchingExecutor.scala:92)
	at akka.dispatch.TaskInvocation.run(AbstractDispatcher.scala:47)
	at akka.dispatch.ForkJoinExecutorConfigurator$AkkaForkJoinTask.exec(ForkJoinExecutorConfigurator.scala:47)
	at java.util.concurrent.ForkJoinTask.doExec(ForkJoinTask.java:289)
	at java.util.concurrent.ForkJoinPool$WorkQueue.runTask(ForkJoinPool.java:1056)
	at java.util.concurrent.ForkJoinPool.runWorker(ForkJoinPool.java:1692)
	at java.util.concurrent.ForkJoinWorkerThread.run(ForkJoinWorkerThread.java:157)
Caused by: play.api.libs.json.JsResultException: JsResultException(errors:List((,List(JsonValidationError(List('phrase' is undefined on object: {"datetimeFrom":"Invalid date","datetimeUntil":"Invalid date"}),WrappedArray())))))
	at play.api.libs.json.JsReadable.$anonfun$as$2(JsReadable.scala:25)
	at play.api.libs.json.JsError.fold(JsResult.scala:66)
	at play.api.libs.json.JsReadable.as(JsReadable.scala:24)
	at play.api.libs.json.JsReadable.as$(JsReadable.scala:23)
	at play.api.libs.json.JsUndefined.as(JsLookup.scala:193)
	at controllers.HomeController.$anonfun$getDataFromLogFile$1(HomeController.scala:30)
	at scala.Function1.$anonfun$andThen$1(Function1.scala:57)
	at play.api.mvc.ActionBuilderImpl.invokeBlock(Action.scala:441)
	at play.api.mvc.ActionBuilderImpl.invokeBlock(Action.scala:439)
	at play.api.mvc.ActionBuilder$$anon$8.invokeBlock(Action.scala:289)
	at play.api.mvc.ActionBuilder$$anon$8.invokeBlock(Action.scala:284)
	at play.api.mvc.ActionBuilder$$anon$9.apply(Action.scala:379)
	at play.api.mvc.Action.$anonfun$apply$4(Action.scala:82)
	at play.api.libs.streams.StrictAccumulator.$anonfun$mapFuture$4(Accumulator.scala:167)
	at scala.util.Try$.apply(Try.scala:213)
	at play.api.libs.streams.StrictAccumulator.$anonfun$mapFuture$3(Accumulator.scala:167)
	at scala.Function1.$anonfun$andThen$1(Function1.scala:57)
	at scala.Function1.$anonfun$andThen$1(Function1.scala:57)
	at play.api.libs.streams.StrictAccumulator.run(Accumulator.scala:199)
	at play.core.server.AkkaHttpServer.$anonfun$runAction$4(AkkaHttpServer.scala:413)
	at akka.http.scaladsl.util.FastFuture$.strictTransform$1(FastFuture.scala:41)
	at akka.http.scaladsl.util.FastFuture$.$anonfun$transformWith$3(FastFuture.scala:51)
	... 12 common frames omitted
2021-03-16 19:27:41,443 [ERROR] from play.api.http.DefaultHttpErrorHandler in application-akka.actor.default-dispatcher-38 - 

! @7j4mmhfb2 - Internal server error, for (POST) [/api/data] ->
 
play.api.http.HttpErrorHandlerExceptions$$anon$1: Execution exception[[JsResultException: JsResultException(errors:List((,List(JsonValidationError(List('phrase' is undefined on object: {"datetimeFrom":"Invalid date","datetimeUntil":"Invalid date"}),WrappedArray())))))]]
	at play.api.http.HttpErrorHandlerExceptions$.throwableToUsefulException(HttpErrorHandler.scala:332)
	at play.api.http.DefaultHttpErrorHandler.onServerError(HttpErrorHandler.scala:251)
	at play.core.server.AkkaHttpServer$$anonfun$2.applyOrElse(AkkaHttpServer.scala:421)
	at play.core.server.AkkaHttpServer$$anonfun$2.applyOrElse(AkkaHttpServer.scala:417)
	at scala.concurrent.Future.$anonfun$recoverWith$1(Future.scala:417)
	at scala.concurrent.impl.Promise.$anonfun$transformWith$1(Promise.scala:41)
	at scala.concurrent.impl.CallbackRunnable.run(Promise.scala:64)
	at akka.dispatch.BatchingExecutor$AbstractBatch.processBatch(BatchingExecutor.scala:55)
	at akka.dispatch.BatchingExecutor$BlockableBatch.$anonfun$run$1(BatchingExecutor.scala:92)
	at scala.runtime.java8.JFunction0$mcV$sp.apply(JFunction0$mcV$sp.java:23)
	at scala.concurrent.BlockContext$.withBlockContext(BlockContext.scala:85)
	at akka.dispatch.BatchingExecutor$BlockableBatch.run(BatchingExecutor.scala:92)
	at akka.dispatch.TaskInvocation.run(AbstractDispatcher.scala:47)
	at akka.dispatch.ForkJoinExecutorConfigurator$AkkaForkJoinTask.exec(ForkJoinExecutorConfigurator.scala:47)
	at java.util.concurrent.ForkJoinTask.doExec(ForkJoinTask.java:289)
	at java.util.concurrent.ForkJoinPool$WorkQueue.runTask(ForkJoinPool.java:1056)
	at java.util.concurrent.ForkJoinPool.runWorker(ForkJoinPool.java:1692)
	at java.util.concurrent.ForkJoinWorkerThread.run(ForkJoinWorkerThread.java:157)
Caused by: play.api.libs.json.JsResultException: JsResultException(errors:List((,List(JsonValidationError(List('phrase' is undefined on object: {"datetimeFrom":"Invalid date","datetimeUntil":"Invalid date"}),WrappedArray())))))
	at play.api.libs.json.JsReadable.$anonfun$as$2(JsReadable.scala:25)
	at play.api.libs.json.JsError.fold(JsResult.scala:66)
	at play.api.libs.json.JsReadable.as(JsReadable.scala:24)
	at play.api.libs.json.JsReadable.as$(JsReadable.scala:23)
	at play.api.libs.json.JsUndefined.as(JsLookup.scala:193)
	at controllers.HomeController.$anonfun$getDataFromLogFile$1(HomeController.scala:30)
	at scala.Function1.$anonfun$andThen$1(Function1.scala:57)
	at play.api.mvc.ActionBuilderImpl.invokeBlock(Action.scala:441)
	at play.api.mvc.ActionBuilderImpl.invokeBlock(Action.scala:439)
	at play.api.mvc.ActionBuilder$$anon$8.invokeBlock(Action.scala:289)
	at play.api.mvc.ActionBuilder$$anon$8.invokeBlock(Action.scala:284)
	at play.api.mvc.ActionBuilder$$anon$9.apply(Action.scala:379)
	at play.api.mvc.Action.$anonfun$apply$4(Action.scala:82)
	at play.api.libs.streams.StrictAccumulator.$anonfun$mapFuture$4(Accumulator.scala:167)
	at scala.util.Try$.apply(Try.scala:213)
	at play.api.libs.streams.StrictAccumulator.$anonfun$mapFuture$3(Accumulator.scala:167)
	at scala.Function1.$anonfun$andThen$1(Function1.scala:57)
	at scala.Function1.$anonfun$andThen$1(Function1.scala:57)
	at play.api.libs.streams.StrictAccumulator.run(Accumulator.scala:199)
	at play.core.server.AkkaHttpServer.$anonfun$runAction$4(AkkaHttpServer.scala:413)
	at akka.http.scaladsl.util.FastFuture$.strictTransform$1(FastFuture.scala:41)
	at akka.http.scaladsl.util.FastFuture$.$anonfun$transformWith$3(FastFuture.scala:51)
	... 12 common frames omitted
2021-03-16 19:35:19,147 [ERROR] from play.api.http.DefaultHttpErrorHandler in play-dev-mode-akka.actor.default-dispatcher-272 - 

! @7j4mnhga1 - Internal server error, for (GET) [/api/get_status] ->
 
play.sbt.PlayExceptions$CompilationException: Compilation error[Int does not take parameters]
	at play.sbt.PlayExceptions$CompilationException$.apply(PlayExceptions.scala:34)
	at play.sbt.PlayExceptions$CompilationException$.apply(PlayExceptions.scala:34)
	at scala.Option.map(Option.scala:230)
	at play.sbt.run.PlayReload$.$anonfun$taskFailureHandler$1(PlayReload.scala:40)
	at scala.Option.map(Option.scala:230)
	at play.sbt.run.PlayReload$.taskFailureHandler(PlayReload.scala:35)
	at play.sbt.run.PlayReload$.compileFailure(PlayReload.scala:28)
	at play.sbt.run.PlayReload$.$anonfun$compile$3(PlayReload.scala:63)
	at scala.util.Either$LeftProjection.map(Either.scala:573)
	at play.sbt.run.PlayReload$.compile(PlayReload.scala:63)
	at play.sbt.run.PlayRun$.$anonfun$playRunTask$4(PlayRun.scala:78)
	at play.runsupport.Reloader.$anonfun$reload$1(Reloader.scala:496)
	at play.runsupport.Reloader$$anon$1.run(Reloader.scala:57)
	at java.security.AccessController.doPrivileged(Native Method)
	at play.runsupport.Reloader$.play$runsupport$Reloader$$withReloaderContextClassLoader(Reloader.scala:63)
	at play.runsupport.Reloader.reload(Reloader.scala:496)
	at play.core.server.DevServerStart$$anon$1.get(DevServerStart.scala:140)
	at play.core.server.AkkaHttpServer.handleRequest(AkkaHttpServer.scala:296)
	at play.core.server.AkkaHttpServer.$anonfun$createServerBinding$1(AkkaHttpServer.scala:186)
	at akka.stream.impl.fusing.MapAsync$$anon$30.onPush(Ops.scala:1261)
	at akka.stream.impl.fusing.GraphInterpreter.processPush(GraphInterpreter.scala:541)
	at akka.stream.impl.fusing.GraphInterpreter.execute(GraphInterpreter.scala:423)
	at akka.stream.impl.fusing.GraphInterpreterShell.runBatch(ActorGraphInterpreter.scala:624)
	at akka.stream.impl.fusing.GraphInterpreterShell$AsyncInput.execute(ActorGraphInterpreter.scala:501)
	at akka.stream.impl.fusing.GraphInterpreterShell.processEvent(ActorGraphInterpreter.scala:599)
	at akka.stream.impl.fusing.ActorGraphInterpreter.akka$stream$impl$fusing$ActorGraphInterpreter$$processEvent(ActorGraphInterpreter.scala:768)
	at akka.stream.impl.fusing.ActorGraphInterpreter$$anonfun$receive$1.applyOrElse(ActorGraphInterpreter.scala:783)
	at akka.actor.Actor.aroundReceive(Actor.scala:533)
	at akka.actor.Actor.aroundReceive$(Actor.scala:531)
	at akka.stream.impl.fusing.ActorGraphInterpreter.aroundReceive(ActorGraphInterpreter.scala:690)
	at akka.actor.ActorCell.receiveMessage(ActorCell.scala:573)
	at akka.actor.ActorCell.invoke(ActorCell.scala:543)
	at akka.dispatch.Mailbox.processMailbox(Mailbox.scala:269)
	at akka.dispatch.Mailbox.run(Mailbox.scala:230)
	at akka.dispatch.Mailbox.exec(Mailbox.scala:242)
	at java.util.concurrent.ForkJoinTask.doExec(ForkJoinTask.java:289)
	at java.util.concurrent.ForkJoinPool$WorkQueue.runTask(ForkJoinPool.java:1056)
	at java.util.concurrent.ForkJoinPool.runWorker(ForkJoinPool.java:1692)
	at java.util.concurrent.ForkJoinWorkerThread.run(ForkJoinWorkerThread.java:157)
2021-03-16 19:35:20,099 [ERROR] from play.api.http.DefaultHttpErrorHandler in play-dev-mode-akka.actor.default-dispatcher-273 - 

! @7j4mnhhne - Internal server error, for (GET) [/api/get_size] ->
 
play.sbt.PlayExceptions$CompilationException: Compilation error[Int does not take parameters]
	at play.sbt.PlayExceptions$CompilationException$.apply(PlayExceptions.scala:34)
	at play.sbt.PlayExceptions$CompilationException$.apply(PlayExceptions.scala:34)
	at scala.Option.map(Option.scala:230)
	at play.sbt.run.PlayReload$.$anonfun$taskFailureHandler$1(PlayReload.scala:40)
	at scala.Option.map(Option.scala:230)
	at play.sbt.run.PlayReload$.taskFailureHandler(PlayReload.scala:35)
	at play.sbt.run.PlayReload$.compileFailure(PlayReload.scala:28)
	at play.sbt.run.PlayReload$.$anonfun$compile$3(PlayReload.scala:63)
	at scala.util.Either$LeftProjection.map(Either.scala:573)
	at play.sbt.run.PlayReload$.compile(PlayReload.scala:63)
	at play.sbt.run.PlayRun$.$anonfun$playRunTask$4(PlayRun.scala:78)
	at play.runsupport.Reloader.$anonfun$reload$1(Reloader.scala:496)
	at play.runsupport.Reloader$$anon$1.run(Reloader.scala:57)
	at java.security.AccessController.doPrivileged(Native Method)
	at play.runsupport.Reloader$.play$runsupport$Reloader$$withReloaderContextClassLoader(Reloader.scala:63)
	at play.runsupport.Reloader.reload(Reloader.scala:496)
	at play.core.server.DevServerStart$$anon$1.get(DevServerStart.scala:140)
	at play.core.server.AkkaHttpServer.handleRequest(AkkaHttpServer.scala:296)
	at play.core.server.AkkaHttpServer.$anonfun$createServerBinding$1(AkkaHttpServer.scala:186)
	at akka.stream.impl.fusing.MapAsync$$anon$30.onPush(Ops.scala:1261)
	at akka.stream.impl.fusing.GraphInterpreter.processPush(GraphInterpreter.scala:541)
	at akka.stream.impl.fusing.GraphInterpreter.execute(GraphInterpreter.scala:423)
	at akka.stream.impl.fusing.GraphInterpreterShell.runBatch(ActorGraphInterpreter.scala:624)
	at akka.stream.impl.fusing.GraphInterpreterShell$AsyncInput.execute(ActorGraphInterpreter.scala:501)
	at akka.stream.impl.fusing.GraphInterpreterShell.processEvent(ActorGraphInterpreter.scala:599)
	at akka.stream.impl.fusing.ActorGraphInterpreter.akka$stream$impl$fusing$ActorGraphInterpreter$$processEvent(ActorGraphInterpreter.scala:768)
	at akka.stream.impl.fusing.ActorGraphInterpreter$$anonfun$receive$1.applyOrElse(ActorGraphInterpreter.scala:783)
	at akka.actor.Actor.aroundReceive(Actor.scala:533)
	at akka.actor.Actor.aroundReceive$(Actor.scala:531)
	at akka.stream.impl.fusing.ActorGraphInterpreter.aroundReceive(ActorGraphInterpreter.scala:690)
	at akka.actor.ActorCell.receiveMessage(ActorCell.scala:573)
	at akka.actor.ActorCell.invoke(ActorCell.scala:543)
	at akka.dispatch.Mailbox.processMailbox(Mailbox.scala:269)
	at akka.dispatch.Mailbox.run(Mailbox.scala:230)
	at akka.dispatch.Mailbox.exec(Mailbox.scala:242)
	at java.util.concurrent.ForkJoinTask.doExec(ForkJoinTask.java:289)
	at java.util.concurrent.ForkJoinPool$WorkQueue.runTask(ForkJoinPool.java:1056)
	at java.util.concurrent.ForkJoinPool.runWorker(ForkJoinPool.java:1692)
	at java.util.concurrent.ForkJoinWorkerThread.run(ForkJoinWorkerThread.java:157)
2021-03-16 19:35:51,322 [INFO] from play.api.http.EnabledFilters in play-dev-mode-akka.actor.default-dispatcher-272 - Enabled Filters (see <https://www.playframework.com/documentation/latest/Filters>):

    play.filters.headers.SecurityHeadersFilter
    play.filters.hosts.AllowedHostsFilter

2021-03-16 19:35:51,324 [INFO] from play.api.Play in play-dev-mode-akka.actor.default-dispatcher-272 - Application started (Dev) (no global state)
2021-03-16 19:35:54,549 [ERROR] from play.api.http.DefaultHttpErrorHandler in application-akka.actor.default-dispatcher-7 - 

! @7j4mnjgmh - Internal server error, for (POST) [/api/data] ->
 
play.api.http.HttpErrorHandlerExceptions$$anon$1: Execution exception[[JsResultException: JsResultException(errors:List((,List(JsonValidationError(List('phrase' is undefined on object: {"datetimeFrom":"Invalid date","datetimeUntil":"Invalid date"}),WrappedArray())))))]]
	at play.api.http.HttpErrorHandlerExceptions$.throwableToUsefulException(HttpErrorHandler.scala:332)
	at play.api.http.DefaultHttpErrorHandler.onServerError(HttpErrorHandler.scala:251)
	at play.core.server.AkkaHttpServer$$anonfun$2.applyOrElse(AkkaHttpServer.scala:421)
	at play.core.server.AkkaHttpServer$$anonfun$2.applyOrElse(AkkaHttpServer.scala:417)
	at scala.concurrent.Future.$anonfun$recoverWith$1(Future.scala:417)
	at scala.concurrent.impl.Promise.$anonfun$transformWith$1(Promise.scala:41)
	at scala.concurrent.impl.CallbackRunnable.run(Promise.scala:64)
	at akka.dispatch.BatchingExecutor$AbstractBatch.processBatch(BatchingExecutor.scala:55)
	at akka.dispatch.BatchingExecutor$BlockableBatch.$anonfun$run$1(BatchingExecutor.scala:92)
	at scala.runtime.java8.JFunction0$mcV$sp.apply(JFunction0$mcV$sp.java:23)
	at scala.concurrent.BlockContext$.withBlockContext(BlockContext.scala:85)
	at akka.dispatch.BatchingExecutor$BlockableBatch.run(BatchingExecutor.scala:92)
	at akka.dispatch.TaskInvocation.run(AbstractDispatcher.scala:47)
	at akka.dispatch.ForkJoinExecutorConfigurator$AkkaForkJoinTask.exec(ForkJoinExecutorConfigurator.scala:47)
	at java.util.concurrent.ForkJoinTask.doExec(ForkJoinTask.java:289)
	at java.util.concurrent.ForkJoinPool$WorkQueue.runTask(ForkJoinPool.java:1056)
	at java.util.concurrent.ForkJoinPool.runWorker(ForkJoinPool.java:1692)
	at java.util.concurrent.ForkJoinWorkerThread.run(ForkJoinWorkerThread.java:157)
Caused by: play.api.libs.json.JsResultException: JsResultException(errors:List((,List(JsonValidationError(List('phrase' is undefined on object: {"datetimeFrom":"Invalid date","datetimeUntil":"Invalid date"}),WrappedArray())))))
	at play.api.libs.json.JsReadable.$anonfun$as$2(JsReadable.scala:25)
	at play.api.libs.json.JsError.fold(JsResult.scala:66)
	at play.api.libs.json.JsReadable.as(JsReadable.scala:24)
	at play.api.libs.json.JsReadable.as$(JsReadable.scala:23)
	at play.api.libs.json.JsUndefined.as(JsLookup.scala:193)
	at controllers.HomeController.$anonfun$getDataFromLogFile$1(HomeController.scala:30)
	at scala.Function1.$anonfun$andThen$1(Function1.scala:57)
	at play.api.mvc.ActionBuilderImpl.invokeBlock(Action.scala:441)
	at play.api.mvc.ActionBuilderImpl.invokeBlock(Action.scala:439)
	at play.api.mvc.ActionBuilder$$anon$8.invokeBlock(Action.scala:289)
	at play.api.mvc.ActionBuilder$$anon$8.invokeBlock(Action.scala:284)
	at play.api.mvc.ActionBuilder$$anon$9.apply(Action.scala:379)
	at play.api.mvc.Action.$anonfun$apply$4(Action.scala:82)
	at play.api.libs.streams.StrictAccumulator.$anonfun$mapFuture$4(Accumulator.scala:167)
	at scala.util.Try$.apply(Try.scala:213)
	at play.api.libs.streams.StrictAccumulator.$anonfun$mapFuture$3(Accumulator.scala:167)
	at scala.Function1.$anonfun$andThen$1(Function1.scala:57)
	at scala.Function1.$anonfun$andThen$1(Function1.scala:57)
	at play.api.libs.streams.StrictAccumulator.run(Accumulator.scala:199)
	at play.core.server.AkkaHttpServer.$anonfun$runAction$4(AkkaHttpServer.scala:413)
	at akka.http.scaladsl.util.FastFuture$.strictTransform$1(FastFuture.scala:41)
	at akka.http.scaladsl.util.FastFuture$.$anonfun$transformWith$3(FastFuture.scala:51)
	... 12 common frames omitted
2021-03-16 19:44:04,106 [INFO] from play.api.http.EnabledFilters in play-dev-mode-akka.actor.default-dispatcher-340 - Enabled Filters (see <https://www.playframework.com/documentation/latest/Filters>):

    play.filters.headers.SecurityHeadersFilter
    play.filters.hosts.AllowedHostsFilter

2021-03-16 19:44:04,108 [INFO] from play.api.Play in play-dev-mode-akka.actor.default-dispatcher-340 - Application started (Dev) (no global state)
